<?xml version="1.0" encoding="UTF-8"?>
<testsuite xmlns:xsi="http://www.w3.org/2001/XMLSchema-instance" xsi:noNamespaceSchemaLocation="https://maven.apache.org/surefire/maven-surefire-plugin/xsd/surefire-test-report.xsd" version="3.0.2" name="TaskLogImplReflectionTest" time="0.016" tests="10" errors="0" skipped="0" failures="0">
  <properties>
[...]
</properties>
  <testcase name="updateByIdShouldReturnTrueWhenUpdateSucceeds" classname="TaskLogImplReflectionTest" time="0.008"/>
  <testcase name="getByIdShouldReturnNullWhenTaskLogMissing" classname="TaskLogImplReflectionTest" time="0.0"/>
  <testcase name="getAllByParticipantIdShouldReturnParticipantTaskLogs" classname="TaskLogImplReflectionTest" time="0.0"/>
  <testcase name="getAllByOperatorIdShouldReturnOperatorTaskLogs" classname="TaskLogImplReflectionTest" time="0.003"/>
  <testcase name="getAllByOwnerIdShouldReturnOwnerTaskLogs" classname="TaskLogImplReflectionTest" time="0.0"/>
  <testcase name="deleteByIdShouldReturnTrueWhenRowDeleted" classname="TaskLogImplReflectionTest" time="0.0"/>
  <testcase name="deleteByIdShouldReturnFalseWhenNoRowDeleted" classname="TaskLogImplReflectionTest" time="0.0"/>
  <testcase name="getAllShouldReturnAllTaskLogs" classname="TaskLogImplReflectionTest" time="0.0"/>
  <testcase name="addShouldReturnInsertedTaskLog" classname="TaskLogImplReflectionTest" time="0.0"/>
  <testcase name="getByIdShouldReturnMapperResult" classname="TaskLogImplReflectionTest" time="0.0"/>
</testsuite>